app/build/outputs/logs/manifest-merger-debug-report.txt
-- Merging decision tree log ---
manifest
ADDED from src\main\AndroidManifest.xml:2:1-68:12
INJECTED from src\main\AndroidManifest.xml:2:1-68:12
INJECTED from src\main\AndroidManifest.xml:2:1-68:12
INJECTED from src\main\AndroidManifest.xml:2:1-68:12
INJECTED from src\main\AndroidManifest.xml:2:1-68:12
INJECTED from src\main\AndroidManifest.xml:2:1-68:12
INJECTED from src\main\AndroidManifest.xml:2:1-68:12
	package
		ADDED from src\main\AndroidManifest.xml:2:70-87
		INJECTED from src\main\AndroidManifest.xml
		INJECTED from src\main\AndroidManifest.xml
	android:versionName
		ADDED from src\main\AndroidManifest.xml:2:112-139
		INJECTED from src\main\AndroidManifest.xml
		INJECTED from src\main\AndroidManifest.xml
	xmlns:android
		ADDED from src\main\AndroidManifest.xml:2:11-69
	android:versionCode
		ADDED from src\main\AndroidManifest.xml:2:88-111
		INJECTED from src\main\AndroidManifest.xml
		INJECTED from src\main\AndroidManifest.xml
uses-sdk
ADDED from src\main\AndroidManifest.xml:4:2-40
INJECTED from src\main\AndroidManifest.xml:4:2-40
INJECTED from src\main\AndroidManifest.xml:4:2-40
INJECTED from src\main\AndroidManifest.xml:4:2-40
INJECTED from src\main\AndroidManifest.xml:4:2-40
	android:targetSdkVersion
		INJECTED from src\main\AndroidManifest.xml
		ADDED from src\main\AndroidManifest.xml:4:2-40
		INJECTED from src\main\AndroidManifest.xml
	android:minSdkVersion
		ADDED from src\main\AndroidManifest.xml:4:12-37
		INJECTED from src\main\AndroidManifest.xml
		INJECTED from src\main\AndroidManifest.xml
uses-permission#android.permission.ACCESS_NETWORK_STATE
ADDED from src\main\AndroidManifest.xml:5:2-76
	android:name
		ADDED from src\main\AndroidManifest.xml:5:19-73
uses-permission#android.permission.READ_EXTERNAL_STORAGE
ADDED from src\main\AndroidManifest.xml:6:2-77
	android:name
		ADDED from src\main\AndroidManifest.xml:6:19-74
uses-permission#android.permission.WRITE_SETTINGS
ADDED from src\main\AndroidManifest.xml:7:2-70
	android:name
		ADDED from src\main\AndroidManifest.xml:7:19-67
uses-permission#android.permission.ACCESS_FINE_LOCATION
ADDED from src\main\AndroidManifest.xml:8:2-76
	android:name
		ADDED from src\main\AndroidManifest.xml:8:19-73
uses-permission#android.permission.BLUETOOTH
ADDED from src\main\AndroidManifest.xml:9:2-65
	android:name
		ADDED from src\main\AndroidManifest.xml:9:19-62
uses-permission#android.permission.BLUETOOTH_ADMIN
ADDED from src\main\AndroidManifest.xml:10:2-71
	android:name
		ADDED from src\main\AndroidManifest.xml:10:19-68
uses-permission#android.permission.CAMERA
ADDED from src\main\AndroidManifest.xml:11:2-62
	android:name
		ADDED from src\main\AndroidManifest.xml:11:19-59
uses-permission#android.permission.FLASHLIGHT
ADDED from src\main\AndroidManifest.xml:12:2-66
	android:name
		ADDED from src\main\AndroidManifest.xml:12:19-63
uses-permission#android.permission.INTERNET
ADDED from src\main\AndroidManifest.xml:13:2-64
	android:name
		ADDED from src\main\AndroidManifest.xml:13:19-61
uses-permission#android.permission.READ_OWNER_DATA
ADDED from src\main\AndroidManifest.xml:14:2-71
	android:name
		ADDED from src\main\AndroidManifest.xml:14:19-68
uses-permission#android.permission.WRITE_EXTERNAL_STORAGE
ADDED from src\main\AndroidManifest.xml:15:2-78
	android:name
		ADDED from src\main\AndroidManifest.xml:15:19-75
uses-permission#android.permission.WRITE_OWNER_DATA
ADDED from src\main\AndroidManifest.xml:16:2-72
	android:name
		ADDED from src\main\AndroidManifest.xml:16:19-69
uses-permission#android.permission.READ_PHONE_STATE
ADDED from src\main\AndroidManifest.xml:17:2-72
	android:name
		ADDED from src\main\AndroidManifest.xml:17:19-69
uses-permission#android.permission.ACCESS_WIFI_STATE
ADDED from src\main\AndroidManifest.xml:18:2-73
	android:name
		ADDED from src\main\AndroidManifest.xml:18:19-70
uses-permission#com.pos.permission.ACCESSORY_DATETIME
ADDED from src\main\AndroidManifest.xml:20:2-74
	android:name
		ADDED from src\main\AndroidManifest.xml:20:19-71
uses-permission#com.pos.permission.ACCESSORY_LED
ADDED from src\main\AndroidManifest.xml:21:2-69
	android:name
		ADDED from src\main\AndroidManifest.xml:21:19-66
uses-permission#com.pos.permission.ACCESSORY_BEEP
ADDED from src\main\AndroidManifest.xml:22:2-70
	android:name
		ADDED from src\main\AndroidManifest.xml:22:19-67
uses-permission#com.pos.permission.ACCESSORY_RFREGISTER
ADDED from src\main\AndroidManifest.xml:23:2-76
	android:name
		ADDED from src\main\AndroidManifest.xml:23:19-73
uses-permission#com.pos.permission.CARD_READER_ICC
ADDED from src\main\AndroidManifest.xml:24:2-71
	android:name
		ADDED from src\main\AndroidManifest.xml:24:19-68
uses-permission#com.pos.permission.CARD_READER_PICC
ADDED from src\main\AndroidManifest.xml:25:2-72
	android:name
		ADDED from src\main\AndroidManifest.xml:25:19-69
uses-permission#com.pos.permission.CARD_READER_MAG
ADDED from src\main\AndroidManifest.xml:26:2-71
	android:name
		ADDED from src\main\AndroidManifest.xml:26:19-68
uses-permission#com.pos.permission.COMMUNICATION
ADDED from src\main\AndroidManifest.xml:27:2-69
	android:name
		ADDED from src\main\AndroidManifest.xml:27:19-66
uses-permission#com.pos.permission.PRINTER
ADDED from src\main\AndroidManifest.xml:28:2-63
	android:name
		ADDED from src\main\AndroidManifest.xml:28:19-60
uses-permission#com.pos.permission.SECURITY
ADDED from src\main\AndroidManifest.xml:29:2-64
	android:name
		ADDED from src\main\AndroidManifest.xml:29:19-61
uses-permission#com.pos.permission.EMVCORE
ADDED from src\main\AndroidManifest.xml:31:2-63
	android:name
		ADDED from src\main\AndroidManifest.xml:31:19-60
uses-feature#android.hardware.camera
ADDED from src\main\AndroidManifest.xml:33:2-57
	android:name
		ADDED from src\main\AndroidManifest.xml:33:16-54
uses-feature#android.hardware.camera.autofocus
ADDED from src\main\AndroidManifest.xml:34:2-67
	android:name
		ADDED from src\main\AndroidManifest.xml:34:16-64
application
ADDED from src\main\AndroidManifest.xml:36:2-67:16
	android:label
		ADDED from src\main\AndroidManifest.xml:36:68-100
	android:icon
		ADDED from src\main\AndroidManifest.xml:36:38-67
	android:name
		ADDED from src\main\AndroidManifest.xml:36:15-37
activity#com.NTS.LoginAct
ADDED from src\main\AndroidManifest.xml:37:3-42:14
	android:screenOrientation
		ADDED from src\main\AndroidManifest.xml:37:71-107
	android:label
		ADDED from src\main\AndroidManifest.xml:37:38-70
	android:theme
		ADDED from src\main\AndroidManifest.xml:37:108-155
	android:name
		ADDED from src\main\AndroidManifest.xml:37:13-37
intent-filter#action:name:android.intent.action.MAIN+category:name:android.intent.category.LAUNCHER
ADDED from src\main\AndroidManifest.xml:38:4-41:20
action#android.intent.action.MAIN
ADDED from src\main\AndroidManifest.xml:39:5-57
	android:name
		ADDED from src\main\AndroidManifest.xml:39:13-54
category#android.intent.category.LAUNCHER
ADDED from src\main\AndroidManifest.xml:40:5-65
	android:name
		ADDED from src\main\AndroidManifest.xml:40:15-62
activity#com.NTS.SettingAct
ADDED from src\main\AndroidManifest.xml:43:3-184
	android:screenOrientation
		ADDED from src\main\AndroidManifest.xml:43:40-76
	android:windowSoftInputMode
		ADDED from src\main\AndroidManifest.xml:43:125-172
	android:theme
		ADDED from src\main\AndroidManifest.xml:43:77-124
	android:name
		ADDED from src\main\AndroidManifest.xml:43:13-39
activity#com.NTS.MainAct
ADDED from src\main\AndroidManifest.xml:44:3-181
	android:screenOrientation
		ADDED from src\main\AndroidManifest.xml:44:37-73
	android:windowSoftInputMode
		ADDED from src\main\AndroidManifest.xml:44:122-169
	android:theme
		ADDED from src\main\AndroidManifest.xml:44:74-121
	android:name
		ADDED from src\main\AndroidManifest.xml:44:13-36
activity#com.NTS.ParkAreaAct
ADDED from src\main\AndroidManifest.xml:45:3-185
	android:screenOrientation
		ADDED from src\main\AndroidManifest.xml:45:41-77
	android:windowSoftInputMode
		ADDED from src\main\AndroidManifest.xml:45:126-173
	android:theme
		ADDED from src\main\AndroidManifest.xml:45:78-125
	android:name
		ADDED from src\main\AndroidManifest.xml:45:13-40
activity#com.NTS.MonthlyAct
ADDED from src\main\AndroidManifest.xml:46:3-194
	android:screenOrientation
		ADDED from src\main\AndroidManifest.xml:46:40-76
	android:windowSoftInputMode
		ADDED from src\main\AndroidManifest.xml:46:125-182
	android:theme
		ADDED from src\main\AndroidManifest.xml:46:77-124
	android:name
		ADDED from src\main\AndroidManifest.xml:46:13-39
activity#com.NTS.MonthlyRegsiterAct
ADDED from src\main\AndroidManifest.xml:47:3-192
	android:screenOrientation
		ADDED from src\main\AndroidManifest.xml:47:48-84
	android:windowSoftInputMode
		ADDED from src\main\AndroidManifest.xml:47:133-180
	android:theme
		ADDED from src\main\AndroidManifest.xml:47:85-132
	android:name
		ADDED from src\main\AndroidManifest.xml:47:13-47
activity#com.NTS.BlacklistAct
ADDED from src\main\AndroidManifest.xml:48:3-196
	android:screenOrientation
		ADDED from src\main\AndroidManifest.xml:48:42-78
	android:windowSoftInputMode
		ADDED from src\main\AndroidManifest.xml:48:127-184
	android:theme
		ADDED from src\main\AndroidManifest.xml:48:79-126
	android:name
		ADDED from src\main\AndroidManifest.xml:48:13-41
activity#com.NTS.CommuteAct
ADDED from src\main\AndroidManifest.xml:49:3-184
	android:screenOrientation
		ADDED from src\main\AndroidManifest.xml:49:40-76
	android:windowSoftInputMode
		ADDED from src\main\AndroidManifest.xml:49:125-172
	android:theme
		ADDED from src\main\AndroidManifest.xml:49:77-124
	android:name
		ADDED from src\main\AndroidManifest.xml:49:13-39
activity#com.NTS.CouponListAct
ADDED from src\main\AndroidManifest.xml:50:3-197
	android:screenOrientation
		ADDED from src\main\AndroidManifest.xml:50:43-79
	android:windowSoftInputMode
		ADDED from src\main\AndroidManifest.xml:50:128-185
	android:theme
		ADDED from src\main\AndroidManifest.xml:50:80-127
	android:name
		ADDED from src\main\AndroidManifest.xml:50:13-42
activity#com.NTS.CouponAct
ADDED from src\main\AndroidManifest.xml:51:3-183
	android:screenOrientation
		ADDED from src\main\AndroidManifest.xml:51:39-75
	android:windowSoftInputMode
		ADDED from src\main\AndroidManifest.xml:51:124-171
	android:theme
		ADDED from src\main\AndroidManifest.xml:51:76-123
	android:name
		ADDED from src\main\AndroidManifest.xml:51:13-38
activity#com.NTS.ReceipAct
ADDED from src\main\AndroidManifest.xml:52:3-183
	android:screenOrientation
		ADDED from src\main\AndroidManifest.xml:52:39-75
	android:windowSoftInputMode
		ADDED from src\main\AndroidManifest.xml:52:124-171
	android:theme
		ADDED from src\main\AndroidManifest.xml:52:76-123
	android:name
		ADDED from src\main\AndroidManifest.xml:52:13-38
activity#com.NTS.Camera.LPRAct
ADDED from src\main\AndroidManifest.xml:53:3-187
	android:screenOrientation
		ADDED from src\main\AndroidManifest.xml:53:43-79
	android:windowSoftInputMode
		ADDED from src\main\AndroidManifest.xml:53:128-175
	android:theme
		ADDED from src\main\AndroidManifest.xml:53:80-127
	android:name
		ADDED from src\main\AndroidManifest.xml:53:13-42
activity#com.NTS.InCarAct
ADDED from src\main\AndroidManifest.xml:54:3-182
	android:screenOrientation
		ADDED from src\main\AndroidManifest.xml:54:38-74
	android:windowSoftInputMode
		ADDED from src\main\AndroidManifest.xml:54:123-170
	android:theme
		ADDED from src\main\AndroidManifest.xml:54:75-122
	android:name
		ADDED from src\main\AndroidManifest.xml:54:13-37
activity#com.NTS.OutCarAct
ADDED from src\main\AndroidManifest.xml:55:3-183
	android:screenOrientation
		ADDED from src\main\AndroidManifest.xml:55:39-75
	android:windowSoftInputMode
		ADDED from src\main\AndroidManifest.xml:55:124-171
	android:theme
		ADDED from src\main\AndroidManifest.xml:55:76-123
	android:name
		ADDED from src\main\AndroidManifest.xml:55:13-38
activity#com.NTS.BlacklistDetail
ADDED from src\main\AndroidManifest.xml:56:3-189
	android:screenOrientation
		ADDED from src\main\AndroidManifest.xml:56:45-81
	android:windowSoftInputMode
		ADDED from src\main\AndroidManifest.xml:56:130-177
	android:theme
		ADDED from src\main\AndroidManifest.xml:56:82-129
	android:name
		ADDED from src\main\AndroidManifest.xml:56:13-44
activity#com.NTS.InoutAct
ADDED from src\main\AndroidManifest.xml:57:3-182
	android:screenOrientation
		ADDED from src\main\AndroidManifest.xml:57:38-74
	android:windowSoftInputMode
		ADDED from src\main\AndroidManifest.xml:57:123-170
	android:theme
		ADDED from src\main\AndroidManifest.xml:57:75-122
	android:name
		ADDED from src\main\AndroidManifest.xml:57:13-37
activity#com.NTS.MinapAct
ADDED from src\main\AndroidManifest.xml:58:3-182
	android:screenOrientation
		ADDED from src\main\AndroidManifest.xml:58:38-74
	android:windowSoftInputMode
		ADDED from src\main\AndroidManifest.xml:58:123-170
	android:theme
		ADDED from src\main\AndroidManifest.xml:58:75-122
	android:name
		ADDED from src\main\AndroidManifest.xml:58:13-37
activity#com.NTS.TimeParkingAct
ADDED from src\main\AndroidManifest.xml:59:3-198
	android:screenOrientation
		ADDED from src\main\AndroidManifest.xml:59:44-80
	android:windowSoftInputMode
		ADDED from src\main\AndroidManifest.xml:59:129-186
	android:theme
		ADDED from src\main\AndroidManifest.xml:59:81-128
	android:name
		ADDED from src\main\AndroidManifest.xml:59:13-43
activity#com.NTS.PartTimeInCarAct
ADDED from src\main\AndroidManifest.xml:60:3-200
	android:screenOrientation
		ADDED from src\main\AndroidManifest.xml:60:46-82
	android:windowSoftInputMode
		ADDED from src\main\AndroidManifest.xml:60:131-188
	android:theme
		ADDED from src\main\AndroidManifest.xml:60:83-130
	android:name
		ADDED from src\main\AndroidManifest.xml:60:13-45
activity#com.NTS.PartTimeOutCarAct
ADDED from src\main\AndroidManifest.xml:61:3-201
	android:screenOrientation
		ADDED from src\main\AndroidManifest.xml:61:47-83
	android:windowSoftInputMode
		ADDED from src\main\AndroidManifest.xml:61:132-189
	android:theme
		ADDED from src\main\AndroidManifest.xml:61:84-131
	android:name
		ADDED from src\main\AndroidManifest.xml:61:13-46
activity#com.NTS.ParkTimeMisuAct
ADDED from src\main\AndroidManifest.xml:62:3-199
	android:screenOrientation
		ADDED from src\main\AndroidManifest.xml:62:45-81
	android:windowSoftInputMode
		ADDED from src\main\AndroidManifest.xml:62:130-187
	android:theme
		ADDED from src\main\AndroidManifest.xml:62:82-129
	android:name
		ADDED from src\main\AndroidManifest.xml:62:13-44
activity#com.NTS.DailyAct
ADDED from src\main\AndroidManifest.xml:63:3-192
	android:screenOrientation
		ADDED from src\main\AndroidManifest.xml:63:38-74
	android:windowSoftInputMode
		ADDED from src\main\AndroidManifest.xml:63:123-180
	android:theme
		ADDED from src\main\AndroidManifest.xml:63:75-122
	android:name
		ADDED from src\main\AndroidManifest.xml:63:13-37
activity#com.NTS.TransDataAct
ADDED from src\main\AndroidManifest.xml:64:3-196
	android:screenOrientation
		ADDED from src\main\AndroidManifest.xml:64:42-78
	android:windowSoftInputMode
		ADDED from src\main\AndroidManifest.xml:64:127-184
	android:theme
		ADDED from src\main\AndroidManifest.xml:64:79-126
	android:name
		ADDED from src\main\AndroidManifest.xml:64:13-41
activity#com.NTS.DeviceListActivity
ADDED from src\main\AndroidManifest.xml:65:3-198
	android:screenOrientation
		ADDED from src\main\AndroidManifest.xml:65:48-84
	android:windowSoftInputMode
		ADDED from src\main\AndroidManifest.xml:65:129-186
	android:theme
		ADDED from src\main\AndroidManifest.xml:65:85-128
	android:name
		ADDED from src\main\AndroidManifest.xml:65:13-47
activity#com.NTS.TestActivity
ADDED from src\main\AndroidManifest.xml:66:3-186
	android:screenOrientation
		ADDED from src\main\AndroidManifest.xml:66:42-78
	android:windowSoftInputMode
		ADDED from src\main\AndroidManifest.xml:66:127-174
	android:theme
		ADDED from src\main\AndroidManifest.xml:66:79-126
	android:name
		ADDED from src\main\AndroidManifest.xml:66:13-41